<?xml version="1.0" encoding="UTF-8"?>
<!-- Generated by org.testng.reporters.JUnitXMLReporter -->
<testsuite ignored="0" hostname="aham" failures="0" tests="4" name="Test" time="2.201" errors="0" timestamp="2024-02-11T23:11:01 IST">
  <testcase classname="api.test.UserTest" name="testpostUser" time="1.488"/>
  <testcase classname="api.test.UserTest" name="testgetUser" time="0.06"/>
  <testcase classname="api.test.UserTest" name="testupdateUser" time="0.143"/>
  <testcase classname="api.test.UserTest" name="testdeleteUser" time="0.062"/>
</testsuite> <!-- Test -->
